<?xml version="1.0" encoding="UTF-8"?>
<!-- Generated by org.testng.reporters.JUnitReportReporter -->
<testsuite hostname="Nityas-Mac-mini.home" failures="2" tests="3" name="testRunner.ChromeRunner" time="66.899" errors="0" timestamp="2023-03-26T20:33:39 PDT" skipped="0">
  <testcase classname="testRunner.ChromeRunner" name="runScenario" time="21.183">
    <failure message="The Retail ground postage price lesser than $80 expected [true] but found [false]" type="java.lang.AssertionError">
      <![CDATA[java.lang.AssertionError: The Retail ground postage price lesser than $80 expected [true] but found [false]
at org.testng.Assert.fail(Assert.java:110)
at org.testng.Assert.failNotEquals(Assert.java:1577)
at org.testng.Assert.assertTrue(Assert.java:56)
at tests.CalculatorSteps.iVerifyThePriceOfShippingWithMediumBoxesIsLessThan(CalculatorSteps.java:144)
at ✽.I verify the price of shipping with Medium boxes is less than 80 on the mail services page(file:///Users/nityajakkam/eclipse-workspace/PostagePriceCalculator/src/test/java/features/postagepricecalculation.feature:9)
]]>
    </failure>
  </testcase> <!-- runScenario -->
  <system-out/>
  <testcase classname="testRunner.ChromeRunner" name="runScenario" time="25.123"/>
  <system-out/>
  <testcase classname="testRunner.ChromeRunner" name="runScenario" time="20.593">
    <failure message="The Retail ground postage price lesser than $80 expected [true] but found [false]" type="java.lang.AssertionError">
      <![CDATA[java.lang.AssertionError: The Retail ground postage price lesser than $80 expected [true] but found [false]
at org.testng.Assert.fail(Assert.java:110)
at org.testng.Assert.failNotEquals(Assert.java:1577)
at org.testng.Assert.assertTrue(Assert.java:56)
at tests.CalculatorSteps.iVerifyThePriceOfShippingWithLargeBoxesIsLessThan(CalculatorSteps.java:162)
at ✽.I verify the price of shipping with Large boxes is less than 80 on the mail services page(file:///Users/nityajakkam/eclipse-workspace/PostagePriceCalculator/src/test/java/features/postagepricecalculation.feature:9)
]]>
    </failure>
  </testcase> <!-- runScenario -->
  <system-out/>
</testsuite> <!-- testRunner.ChromeRunner -->
